Found /staging/nextcloud/NovaseqX/20260122_LH00626_0089_A233TFNLT4/CopyComplete.txt. Triggering Snakemake in tmux session.
Started tmux session xR081.
Found /staging/nextcloud/NovaseqX/20260122_LH00626_0089_A233TFNLT4/CopyComplete.txt. Triggering Snakemake in tmux session.
Started tmux session xR081.
Found /mnt/extusb2/NovaseqX/20260122_LH00626_0089_A233TFNLT4/CopyComplete.txt. Triggering Snakemake in tmux session.
Started tmux session xR081.
Found /mnt/extusb2/NovaseqX/20260122_LH00626_0089_A233TFNLT4/CopyComplete.txt. Triggering Snakemake in tmux session.
Started tmux session xR081.
Found /mnt/extusb2/NovaseqX/20260122_LH00626_0089_A233TFNLT4/CopyComplete.txt. Triggering Snakemake in tmux session.
Started tmux session xR081.
Found /mnt/extusb2/NovaseqX/20260122_LH00626_0089_A233TFNLT4/CopyComplete.txt. Triggering Snakemake in tmux session.
Started tmux session xR081.
Started tmux session xR081.
Found /mnt/extusb2/NovaseqX/20260122_LH00626_0089_A233TFNLT4/CopyComplete.txt. Triggering Snakemake in tmux session.
Started tmux session xR081.
Started tmux session xR081.
Found /staging/nextcloud/NovaseqX/20260302_LH00626_0095_A23LHYLLT4/CopyComplete.txt. Triggering Snakemake in tmux session.
/mnt/jbod_raid/nextshare/bcl_convert/NovaSeqX/xR084/monitor_and_run_snakemake.sh: line 28: conda: command not found
/mnt/jbod_raid/nextshare/bcl_convert/NovaSeqX/xR084/monitor_and_run_snakemake.sh: line 30: conda: command not found
Started tmux session xR084.
Found /staging/nextcloud/NovaseqX/20260302_LH00626_0095_A23LHYLLT4/CopyComplete.txt. Triggering Snakemake in tmux session.
Started tmux session xR084.
Found /staging/nextcloud/NovaseqX/20260302_LH00626_0095_A23LHYLLT4/CopyComplete.txt. Triggering Snakemake in tmux session.
Started tmux session xR084.
Found /staging/nextcloud/NovaseqX/20260302_LH00626_0095_A23LHYLLT4/CopyComplete.txt. Triggering Snakemake in tmux session.
Started tmux session xR084.
Found /staging/nextcloud/NovaseqX/20260302_LH00626_0095_A23LHYLLT4/CopyComplete.txt. Triggering Snakemake in tmux session.
Started tmux session xR084.
